<?xml version="1.0" encoding="UTF-8"?>
<!-- Generated by org.testng.reporters.JUnitReportReporter -->
<testsuite skipped="0" hostname="USER-PC" name="com.inflglen.Test.InfoglenTests" tests="1" failures="0" timestamp="01 Jun 2020 15:10:40 GMT" time="77.949" errors="0">
  <testcase name="question1" time="77.949" classname="com.inflglen.Test.InfoglenTests"/>
</testsuite> <!-- com.inflglen.Test.InfoglenTests -->
